<?xml version="1.0" encoding="UTF-8"?>
<testsuite xmlns:xsi="http://www.w3.org/2001/XMLSchema-instance" xsi:noNamespaceSchemaLocation="https://maven.apache.org/surefire/maven-surefire-plugin/xsd/surefire-test-report.xsd" version="3.0.2" name="com.example.mongo.backend.NfcRentalApplicationTests" time="3.922" tests="1" errors="0" skipped="0" failures="0">
  <properties>
[...]
</properties>
  <testcase name="contextLoads" classname="com.example.mongo.backend.NfcRentalApplicationTests" time="0.824">
    <system-out><![CDATA[00:24:22.247 [main] INFO org.springframework.test.context.support.AnnotationConfigContextLoaderUtils -- Could not detect default configuration classes for test class [com.example.mongo.backend.NfcRentalApplicationTests]: NfcRentalApplicationTests does not declare any static, non-private, non-final, nested classes annotated with @Configuration.
00:24:22.378 [main] INFO org.springframework.boot.test.context.SpringBootTestContextBootstrapper -- Found @SpringBootConfiguration com.example.mongo.backend.NfcRentalApplication for test class com.example.mongo.backend.NfcRentalApplicationTests

  .   ____          _            __ _ _
 /\\ / ___'_ __ _ _(_)_ __  __ _ \ \ \ \
( ( )\___ | '_ | '_| | '_ \/ _` | \ \ \ \
 \\/  ___)| |_)| | | | | || (_| |  ) ) ) )
  '  |____| .__|_| |_|_| |_\__, | / / / /
 =========|_|==============|___/=/_/_/_/

 :: Spring Boot ::                (v3.4.2)

2025-02-11T00:24:22.907+05:30  INFO 26324 --- [testing] [           main] c.e.m.backend.NfcRentalApplicationTests  : Starting NfcRentalApplicationTests using Java 17.0.14 with PID 26324 (started by yoshwa in /home/yoshwa/Downloads/nfc-rental (5)/nfc-rental)
2025-02-11T00:24:22.910+05:30  INFO 26324 --- [testing] [           main] c.e.m.backend.NfcRentalApplicationTests  : No active profile set, falling back to 1 default profile: "default"
2025-02-11T00:24:23.604+05:30  INFO 26324 --- [testing] [           main] .s.d.r.c.RepositoryConfigurationDelegate : Bootstrapping Spring Data MongoDB repositories in DEFAULT mode.
2025-02-11T00:24:23.671+05:30  INFO 26324 --- [testing] [           main] .s.d.r.c.RepositoryConfigurationDelegate : Finished Spring Data repository scanning in 58 ms. Found 1 MongoDB repository interface.
2025-02-11T00:24:24.163+05:30  INFO 26324 --- [testing] [3ve.mongodb.net] org.mongodb.driver.cluster               : Adding discovered server cluster0-shard-00-02.j23ve.mongodb.net:27017 to client view of cluster
2025-02-11T00:24:24.192+05:30  INFO 26324 --- [testing] [           main] org.mongodb.driver.client                : MongoClient with metadata {"application": {"name": "Cluster0"}, "driver": {"name": "mongo-java-driver|sync|spring-boot", "version": "5.2.1"}, "os": {"type": "Linux", "name": "Linux", "architecture": "amd64", "version": "6.8.0-52-generic"}, "platform": "Java/Ubuntu/17.0.14+7-Ubuntu-124.04"} created with settings MongoClientSettings{readPreference=primary, writeConcern=WriteConcern{w=majority, wTimeout=null ms, journal=null}, retryWrites=true, retryReads=true, readConcern=ReadConcern{level=null}, credential=MongoCredential{mechanism=null, userName='ryoshwaa', source='admin', password=<hidden>, mechanismProperties=<hidden>}, transportSettings=null, commandListeners=[], codecRegistry=ProvidersCodecRegistry{codecProviders=[ValueCodecProvider{}, BsonValueCodecProvider{}, DBRefCodecProvider{}, DBObjectCodecProvider{}, DocumentCodecProvider{}, CollectionCodecProvider{}, IterableCodecProvider{}, MapCodecProvider{}, GeoJsonCodecProvider{}, GridFSFileCodecProvider{}, Jsr310CodecProvider{}, JsonObjectCodecProvider{}, BsonCodecProvider{}, EnumCodecProvider{}, com.mongodb.client.model.mql.ExpressionCodecProvider@30c3ae63, com.mongodb.Jep395RecordCodecProvider@58658f63, com.mongodb.KotlinCodecProvider@54e12f4c]}, loggerSettings=LoggerSettings{maxDocumentLength=1000}, clusterSettings={hosts=[127.0.0.1:27017], srvHost=cluster0.j23ve.mongodb.net, srvServiceName=mongodb, mode=MULTIPLE, requiredClusterType=REPLICA_SET, requiredReplicaSetName='atlas-k4zzzb-shard-0', serverSelector='null', clusterListeners='[]', serverSelectionTimeout='30000 ms', localThreshold='15 ms'}, socketSettings=SocketSettings{connectTimeoutMS=10000, readTimeoutMS=0, receiveBufferSize=0, proxySettings=ProxySettings{host=null, port=null, username=null, password=null}}, heartbeatSocketSettings=SocketSettings{connectTimeoutMS=10000, readTimeoutMS=10000, receiveBufferSize=0, proxySettings=ProxySettings{host=null, port=null, username=null, password=null}}, connectionPoolSettings=ConnectionPoolSettings{maxSize=100, minSize=0, maxWaitTimeMS=120000, maxConnectionLifeTimeMS=0, maxConnectionIdleTimeMS=0, maintenanceInitialDelayMS=0, maintenanceFrequencyMS=60000, connectionPoolListeners=[], maxConnecting=2}, serverSettings=ServerSettings{heartbeatFrequencyMS=10000, minHeartbeatFrequencyMS=500, serverMonitoringMode=AUTO, serverListeners='[]', serverMonitorListeners='[]'}, sslSettings=SslSettings{enabled=true, invalidHostNameAllowed=false, context=null}, applicationName='Cluster0', compressorList=[], uuidRepresentation=JAVA_LEGACY, serverApi=null, autoEncryptionSettings=null, dnsClient=null, inetAddressResolver=null, contextProvider=null, timeoutMS=null}
2025-02-11T00:24:24.202+05:30  INFO 26324 --- [testing] [3ve.mongodb.net] org.mongodb.driver.cluster               : Adding discovered server cluster0-shard-00-01.j23ve.mongodb.net:27017 to client view of cluster
2025-02-11T00:24:24.207+05:30  INFO 26324 --- [testing] [3ve.mongodb.net] org.mongodb.driver.cluster               : Adding discovered server cluster0-shard-00-00.j23ve.mongodb.net:27017 to client view of cluster
2025-02-11T00:24:24.726+05:30  INFO 26324 --- [testing] [           main] o.s.b.a.w.s.WelcomePageHandlerMapping    : Adding welcome page: class path resource [static/index.html]
2025-02-11T00:24:24.835+05:30  INFO 26324 --- [testing] [ngodb.net:27017] org.mongodb.driver.cluster               : Monitor thread successfully connected to server with description ServerDescription{address=cluster0-shard-00-02.j23ve.mongodb.net:27017, type=REPLICA_SET_SECONDARY, cryptd=false, state=CONNECTED, ok=true, minWireVersion=0, maxWireVersion=25, maxDocumentSize=16777216, logicalSessionTimeoutMinutes=30, roundTripTimeNanos=338912967, minRoundTripTimeNanos=0, setName='atlas-k4zzzb-shard-0', canonicalAddress=cluster0-shard-00-02.j23ve.mongodb.net:27017, hosts=[cluster0-shard-00-02.j23ve.mongodb.net:27017, cluster0-shard-00-01.j23ve.mongodb.net:27017, cluster0-shard-00-00.j23ve.mongodb.net:27017], passives=[], arbiters=[], primary='cluster0-shard-00-01.j23ve.mongodb.net:27017', tagSet=TagSet{[Tag{name='availabilityZone', value='aps1-az2'}, Tag{name='diskState', value='READY'}, Tag{name='nodeType', value='ELECTABLE'}, Tag{name='provider', value='AWS'}, Tag{name='region', value='AP_SOUTH_1'}, Tag{name='workloadType', value='OPERATIONAL'}]}, electionId=null, setVersion=212, topologyVersion=TopologyVersion{processId=67a9147d3be0cc86cfb54637, counter=3}, lastWriteDate=Tue Feb 11 00:24:24 IST 2025, lastUpdateTimeNanos=2719154440496}
2025-02-11T00:24:24.835+05:30  INFO 26324 --- [testing] [ngodb.net:27017] org.mongodb.driver.cluster               : Monitor thread successfully connected to server with description ServerDescription{address=cluster0-shard-00-01.j23ve.mongodb.net:27017, type=REPLICA_SET_PRIMARY, cryptd=false, state=CONNECTED, ok=true, minWireVersion=0, maxWireVersion=25, maxDocumentSize=16777216, logicalSessionTimeoutMinutes=30, roundTripTimeNanos=344686551, minRoundTripTimeNanos=0, setName='atlas-k4zzzb-shard-0', canonicalAddress=cluster0-shard-00-01.j23ve.mongodb.net:27017, hosts=[cluster0-shard-00-02.j23ve.mongodb.net:27017, cluster0-shard-00-01.j23ve.mongodb.net:27017, cluster0-shard-00-00.j23ve.mongodb.net:27017], passives=[], arbiters=[], primary='cluster0-shard-00-01.j23ve.mongodb.net:27017', tagSet=TagSet{[Tag{name='availabilityZone', value='aps1-az3'}, Tag{name='diskState', value='READY'}, Tag{name='nodeType', value='ELECTABLE'}, Tag{name='provider', value='AWS'}, Tag{name='region', value='AP_SOUTH_1'}, Tag{name='workloadType', value='OPERATIONAL'}]}, electionId=7fffffff00000000000000bd, setVersion=212, topologyVersion=TopologyVersion{processId=67a9121add6a139bf483888e, counter=6}, lastWriteDate=Tue Feb 11 00:24:24 IST 2025, lastUpdateTimeNanos=2719154440541}
2025-02-11T00:24:24.835+05:30  INFO 26324 --- [testing] [ngodb.net:27017] org.mongodb.driver.cluster               : Monitor thread successfully connected to server with description ServerDescription{address=cluster0-shard-00-00.j23ve.mongodb.net:27017, type=REPLICA_SET_SECONDARY, cryptd=false, state=CONNECTED, ok=true, minWireVersion=0, maxWireVersion=25, maxDocumentSize=16777216, logicalSessionTimeoutMinutes=30, roundTripTimeNanos=287762990, minRoundTripTimeNanos=0, setName='atlas-k4zzzb-shard-0', canonicalAddress=cluster0-shard-00-00.j23ve.mongodb.net:27017, hosts=[cluster0-shard-00-02.j23ve.mongodb.net:27017, cluster0-shard-00-01.j23ve.mongodb.net:27017, cluster0-shard-00-00.j23ve.mongodb.net:27017], passives=[], arbiters=[], primary='cluster0-shard-00-01.j23ve.mongodb.net:27017', tagSet=TagSet{[Tag{name='availabilityZone', value='aps1-az1'}, Tag{name='diskState', value='READY'}, Tag{name='nodeType', value='ELECTABLE'}, Tag{name='provider', value='AWS'}, Tag{name='region', value='AP_SOUTH_1'}, Tag{name='workloadType', value='OPERATIONAL'}]}, electionId=null, setVersion=212, topologyVersion=TopologyVersion{processId=67a912db243a9172baaff902, counter=4}, lastWriteDate=Tue Feb 11 00:24:24 IST 2025, lastUpdateTimeNanos=2719154440647}
2025-02-11T00:24:24.839+05:30  INFO 26324 --- [testing] [ngodb.net:27017] org.mongodb.driver.cluster               : Discovered replica set primary cluster0-shard-00-01.j23ve.mongodb.net:27017 with max election id 7fffffff00000000000000bd and max set version 212
2025-02-11T00:24:25.125+05:30  INFO 26324 --- [testing] [           main] c.e.m.backend.NfcRentalApplicationTests  : Started NfcRentalApplicationTests in 2.586 seconds (process running for 3.695)
]]></system-out>
  </testcase>
</testsuite>